2016/10/26 10:58:37 INFO  - jmeter.util.JMeterUtils: Setting Locale to en_US 
2016/10/26 10:58:37 INFO  - jmeter.protocol.http.sampler.HTTPSamplerBase: Parser for text/html is org.apache.jmeter.protocol.http.parser.LagartoBasedHtmlParser 
2016/10/26 10:58:37 INFO  - jmeter.protocol.http.sampler.HTTPSamplerBase: Parser for application/xhtml+xml is org.apache.jmeter.protocol.http.parser.LagartoBasedHtmlParser 
2016/10/26 10:58:37 INFO  - jmeter.protocol.http.sampler.HTTPSamplerBase: Parser for application/xml is org.apache.jmeter.protocol.http.parser.LagartoBasedHtmlParser 
2016/10/26 10:58:37 INFO  - jmeter.protocol.http.sampler.HTTPSamplerBase: Parser for text/xml is org.apache.jmeter.protocol.http.parser.LagartoBasedHtmlParser 
2016/10/26 10:58:37 INFO  - jmeter.protocol.http.sampler.HTTPSamplerBase: Parser for text/vnd.wap.wml is org.apache.jmeter.protocol.http.parser.RegexpHTMLParser 
2016/10/26 10:58:37 INFO  - jmeter.protocol.http.sampler.HTTPSamplerBase: Parser for text/css is org.apache.jmeter.protocol.http.parser.CssParser 
2016/10/26 10:58:37 INFO  - jmeter.save.SaveService: Testplan (JMX) version: 2.2. Testlog (JTL) version: 2.2 
2016/10/26 10:58:37 INFO  - jmeter.save.SaveService: Using SaveService properties file encoding UTF-8 
2016/10/26 10:58:37 INFO  - jmeter.save.SaveService: Using SaveService properties version 2.9 
2016/10/26 10:58:37 INFO  - jmeter.save.SaveService: All converter versions present and correct 
2016/10/26 10:58:37 INFO  - jmeter.engine.StandardJMeterEngine: Running the test! 
2016/10/26 10:58:37 INFO  - jmeter.samplers.SampleEvent: List of sample_variables: [] 
2016/10/26 10:58:37 INFO  - jmeter.samplers.SampleEvent: List of sample_variables: [] 
2016/10/26 10:58:37 INFO  - jmeter.engine.util.CompoundVariable: Note: Function class names must contain the string: '.functions.' 
2016/10/26 10:58:37 INFO  - jmeter.engine.util.CompoundVariable: Note: Function class names must not contain the string: '.gui.' 
2016/10/26 10:58:37 INFO  - jmeter.services.FileServer: Default base='/home/ywy/workspace/javaJmeter' 
2016/10/26 10:58:37 INFO  - jmeter.engine.StandardJMeterEngine: Starting ThreadGroup: 1 : Example Thread Group 
2016/10/26 10:58:37 INFO  - jmeter.engine.StandardJMeterEngine: Starting 1 threads for group Example Thread Group. 
2016/10/26 10:58:37 INFO  - jmeter.engine.StandardJMeterEngine: Thread will continue on error 
2016/10/26 10:58:37 INFO  - jmeter.threads.ThreadGroup: Starting thread group number 1 threads 1 ramp-up 1 perThread 1000.0 delayedStart=false 
2016/10/26 10:58:37 INFO  - jmeter.threads.ThreadGroup: Started thread group number 1 
2016/10/26 10:58:37 INFO  - jmeter.engine.StandardJMeterEngine: All thread groups have been started 
2016/10/26 10:58:37 INFO  - jmeter.threads.JMeterThread: Thread started: Example Thread Group 1-1 
2016/10/26 10:58:37 INFO  - jmeter.protocol.http.sampler.HTTPHCAbstractImpl: Local host = ywy-OptiPlex-990 
2016/10/26 10:58:37 INFO  - jmeter.protocol.http.sampler.HTTPHC4Impl: HTTP request retry count = 0 
2016/10/26 10:58:37 INFO  - jmeter.samplers.SampleResult: Note: Sample TimeStamps are START times 
2016/10/26 10:58:37 INFO  - jmeter.samplers.SampleResult: sampleresult.default.encoding is set to ISO-8859-1 
2016/10/26 10:58:37 INFO  - jmeter.samplers.SampleResult: sampleresult.useNanoTime=true 
2016/10/26 10:58:37 INFO  - jmeter.samplers.SampleResult: sampleresult.nanoThreadSleep=5000 
2016/10/26 10:58:38 INFO  - jmeter.threads.JMeterThread: Thread is done: Example Thread Group 1-1 
2016/10/26 10:58:38 INFO  - jmeter.threads.JMeterThread: Thread finished: Example Thread Group 1-1 
2016/10/26 10:58:38 INFO  - jmeter.engine.StandardJMeterEngine: Notifying test listeners of end of test 
2016/10/26 10:58:38 INFO  - jmeter.reporters.Summariser: summary =      1 in 00:00:00 =    3.6/s Avg:   141 Min:   141 Max:   141 Err:     0 (0.00%) 
